{"C:\\Users\\L-5-38\\LIM009-fe-md-links\\src\\links.js": {"path":"C:\\Users\\L-5-38\\LIM009-fe-md-links\\src\\links.js","statementMap":{"0":{"start":{"line":1,"column":16},"end":{"line":1,"column":56}},"1":{"start":{"line":2,"column":11},"end":{"line":2,"column":24}},"2":{"start":{"line":3,"column":15},"end":{"line":3,"column":38}},"3":{"start":{"line":4,"column":13},"end":{"line":4,"column":28}},"4":{"start":{"line":5,"column":17},"end":{"line":5,"column":34}},"5":{"start":{"line":6,"column":15},"end":{"line":6,"column":38}},"6":{"start":{"line":9,"column":16},"end":{"line":21,"column":3}},"7":{"start":{"line":10,"column":21},"end":{"line":10,"column":23}},"8":{"start":{"line":11,"column":6},"end":{"line":18,"column":8}},"9":{"start":{"line":12,"column":25},"end":{"line":12,"column":52}},"10":{"start":{"line":13,"column":8},"end":{"line":17,"column":9}},"11":{"start":{"line":14,"column":10},"end":{"line":14,"column":28}},"12":{"start":{"line":15,"column":14},"end":{"line":17,"column":9}},"13":{"start":{"line":16,"column":10},"end":{"line":16,"column":44}},"14":{"start":{"line":20,"column":4},"end":{"line":20,"column":21}},"15":{"start":{"line":24,"column":21},"end":{"line":37,"column":3}},"16":{"start":{"line":25,"column":18},"end":{"line":25,"column":20}},"17":{"start":{"line":26,"column":4},"end":{"line":35,"column":6}},"18":{"start":{"line":27,"column":21},"end":{"line":27,"column":34}},"19":{"start":{"line":28,"column":24},"end":{"line":28,"column":58}},"20":{"start":{"line":29,"column":21},"end":{"line":29,"column":44}},"21":{"start":{"line":30,"column":8},"end":{"line":33,"column":9}},"22":{"start":{"line":31,"column":18},"end":{"line":31,"column":45}},"23":{"start":{"line":32,"column":10},"end":{"line":32,"column":25}},"24":{"start":{"line":34,"column":6},"end":{"line":34,"column":39}},"25":{"start":{"line":36,"column":4},"end":{"line":36,"column":18}},"26":{"start":{"line":38,"column":17},"end":{"line":38,"column":33}},"27":{"start":{"line":39,"column":2},"end":{"line":39,"column":20}},"28":{"start":{"line":42,"column":2},"end":{"line":45,"column":3}}},"fnMap":{"0":{"name":"(anonymous_0)","decl":{"start":{"line":9,"column":16},"end":{"line":9,"column":17}},"loc":{"start":{"line":9,"column":29},"end":{"line":21,"column":3}},"line":9},"1":{"name":"(anonymous_1)","decl":{"start":{"line":11,"column":21},"end":{"line":11,"column":22}},"loc":{"start":{"line":11,"column":31},"end":{"line":18,"column":7}},"line":11},"2":{"name":"(anonymous_2)","decl":{"start":{"line":24,"column":21},"end":{"line":24,"column":22}},"loc":{"start":{"line":24,"column":34},"end":{"line":37,"column":3}},"line":24},"3":{"name":"(anonymous_3)","decl":{"start":{"line":26,"column":21},"end":{"line":26,"column":22}},"loc":{"start":{"line":26,"column":31},"end":{"line":35,"column":5}},"line":26},"4":{"name":"(anonymous_4)","decl":{"start":{"line":30,"column":24},"end":{"line":30,"column":25}},"loc":{"start":{"line":30,"column":47},"end":{"line":33,"column":9}},"line":30}},"branchMap":{"0":{"loc":{"start":{"line":13,"column":8},"end":{"line":17,"column":9}},"type":"if","locations":[{"start":{"line":13,"column":8},"end":{"line":17,"column":9}},{"start":{"line":13,"column":8},"end":{"line":17,"column":9}}],"line":13},"1":{"loc":{"start":{"line":15,"column":14},"end":{"line":17,"column":9}},"type":"if","locations":[{"start":{"line":15,"column":14},"end":{"line":17,"column":9}},{"start":{"line":15,"column":14},"end":{"line":17,"column":9}}],"line":15}},"s":{"0":1,"1":1,"2":1,"3":1,"4":1,"5":1,"6":1,"7":1,"8":1,"9":5,"10":5,"11":0,"12":5,"13":1,"14":1,"15":1,"16":1,"17":1,"18":1,"19":1,"20":1,"21":1,"22":3,"23":3,"24":1,"25":1,"26":1,"27":1,"28":1},"f":{"0":1,"1":5,"2":1,"3":1,"4":3},"b":{"0":[0,5],"1":[1,4]},"_coverageSchema":"43e27e138ebf9cfc5966b082cf9a028302ed4184","hash":"4bb6f4af23592b4e35f30167f4068cd6d491f765"}
,"C:\\Users\\L-5-38\\LIM009-fe-md-links\\src\\path.js": {"path":"C:\\Users\\L-5-38\\LIM009-fe-md-links\\src\\path.js","statementMap":{"0":{"start":{"line":5,"column":11},"end":{"line":5,"column":24}},"1":{"start":{"line":6,"column":13},"end":{"line":6,"column":28}},"2":{"start":{"line":9,"column":16},"end":{"line":9,"column":56}},"3":{"start":{"line":17,"column":24},"end":{"line":27,"column":1}},"4":{"start":{"line":19,"column":2},"end":{"line":25,"column":3}},"5":{"start":{"line":20,"column":4},"end":{"line":20,"column":21}},"6":{"start":{"line":23,"column":4},"end":{"line":23,"column":35}},"7":{"start":{"line":26,"column":2},"end":{"line":26,"column":16}},"8":{"start":{"line":30,"column":20},"end":{"line":33,"column":1}},"9":{"start":{"line":31,"column":18},"end":{"line":31,"column":47}},"10":{"start":{"line":32,"column":2},"end":{"line":32,"column":16}},"11":{"start":{"line":36,"column":16},"end":{"line":39,"column":1}},"12":{"start":{"line":37,"column":15},"end":{"line":37,"column":49}},"13":{"start":{"line":38,"column":2},"end":{"line":38,"column":15}},"14":{"start":{"line":42,"column":18},"end":{"line":45,"column":1}},"15":{"start":{"line":43,"column":12},"end":{"line":43,"column":43}},"16":{"start":{"line":44,"column":2},"end":{"line":44,"column":10}},"17":{"start":{"line":51,"column":0},"end":{"line":56,"column":1}}},"fnMap":{"0":{"name":"(anonymous_0)","decl":{"start":{"line":17,"column":24},"end":{"line":17,"column":25}},"loc":{"start":{"line":17,"column":36},"end":{"line":27,"column":1}},"line":17},"1":{"name":"(anonymous_1)","decl":{"start":{"line":30,"column":20},"end":{"line":30,"column":21}},"loc":{"start":{"line":30,"column":32},"end":{"line":33,"column":1}},"line":30},"2":{"name":"(anonymous_2)","decl":{"start":{"line":36,"column":16},"end":{"line":36,"column":17}},"loc":{"start":{"line":36,"column":28},"end":{"line":39,"column":1}},"line":36},"3":{"name":"(anonymous_3)","decl":{"start":{"line":42,"column":18},"end":{"line":42,"column":19}},"loc":{"start":{"line":42,"column":31},"end":{"line":45,"column":1}},"line":42}},"branchMap":{"0":{"loc":{"start":{"line":19,"column":2},"end":{"line":25,"column":3}},"type":"if","locations":[{"start":{"line":19,"column":2},"end":{"line":25,"column":3}},{"start":{"line":19,"column":2},"end":{"line":25,"column":3}}],"line":19}},"s":{"0":2,"1":2,"2":2,"3":2,"4":2,"5":1,"6":1,"7":2,"8":2,"9":1,"10":1,"11":2,"12":6,"13":6,"14":2,"15":6,"16":6,"17":2},"f":{"0":2,"1":1,"2":6,"3":6},"b":{"0":[1,1]},"_coverageSchema":"43e27e138ebf9cfc5966b082cf9a028302ed4184","hash":"d9a4c5aad40f808ecef16969a5f83eaf5fb7e71d"}
}
