TN:
SF:C:\Users\L-5-38\LIM009-fe-md-links\src\links.js
FN:9,(anonymous_0)
FN:11,(anonymous_1)
FN:24,(anonymous_2)
FN:26,(anonymous_3)
FN:30,(anonymous_4)
FNF:5
FNH:5
FNDA:1,(anonymous_0)
FNDA:5,(anonymous_1)
FNDA:1,(anonymous_2)
FNDA:1,(anonymous_3)
FNDA:3,(anonymous_4)
DA:1,1
DA:2,1
DA:3,1
DA:4,1
DA:5,1
DA:6,1
DA:9,1
DA:10,1
DA:11,1
DA:12,5
DA:13,5
DA:14,0
DA:15,5
DA:16,1
DA:20,1
DA:24,1
DA:25,1
DA:26,1
DA:27,1
DA:28,1
DA:29,1
DA:30,1
DA:31,3
DA:32,3
DA:34,1
DA:36,1
DA:38,1
DA:39,1
DA:42,1
LF:29
LH:28
BRDA:13,0,0,0
BRDA:13,0,1,5
BRDA:15,1,0,1
BRDA:15,1,1,4
BRF:4
BRH:3
end_of_record
TN:
SF:C:\Users\L-5-38\LIM009-fe-md-links\src\path.js
FN:17,(anonymous_0)
FN:30,(anonymous_1)
FN:36,(anonymous_2)
FN:42,(anonymous_3)
FNF:4
FNH:4
FNDA:2,(anonymous_0)
FNDA:1,(anonymous_1)
FNDA:6,(anonymous_2)
FNDA:6,(anonymous_3)
DA:5,2
DA:6,2
DA:9,2
DA:17,2
DA:19,2
DA:20,1
DA:23,1
DA:26,2
DA:30,2
DA:31,1
DA:32,1
DA:36,2
DA:37,6
DA:38,6
DA:42,2
DA:43,6
DA:44,6
DA:51,2
LF:18
LH:18
BRDA:19,0,0,1
BRDA:19,0,1,1
BRF:2
BRH:2
end_of_record
